# JRE version: OpenJDK Runtime Environment (8.0_112-b06) (build 1.8.0_112-release-b06)
# Java VM: OpenJDK 64-Bit Server VM (25.112-b06 mixed mode windows-amd64 compressed oops)
Heap:
 PSYoungGen      total 379904K, used 113626K [0x000000076ab00000, 0x0000000788180000, 0x00000007c0000000)
  eden space 303616K, 26% used [0x000000076ab00000,0x000000076fa5b100,0x000000077d380000)
  from space 76288K, 42% used [0x000000077d380000,0x000000077f31b788,0x0000000781e00000)
  to   space 57344K, 0% used [0x0000000781e00000,0x0000000781e00000,0x0000000785600000)
 ParOldGen       total 247296K, used 247230K [0x00000006c0000000, 0x00000006cf180000, 0x000000076ab00000)
  object space 247296K, 99% used [0x00000006c0000000,0x00000006cf16f860,0x00000006cf180000)
 Metaspace       used 6406K, capacity 7280K, committed 7552K, reserved 1056768K
  class space    used 585K, capacity 616K, committed 640K, reserved 1048576K
GC Heap History (10 events):
Event: 17.567 GC heap before
{Heap before GC invocations=17 (full 3):
 PSYoungGen      total 326144K, used 27148K [0x000000076ab00000, 0x0000000782680000, 0x00000007c0000000)
  eden space 273920K, 0% used [0x000000076ab00000,0x000000076ab00000,0x000000077b680000)
  from space 52224K, 51% used [0x000000077e980000,0x0000000780403058,0x0000000781c80000)
  to   space 52224K, 0% used [0x000000077b680000,0x000000077b680000,0x000000077e980000)
 ParOldGen       total 151552K, used 137752K [0x00000006c0000000, 0x00000006c9400000, 0x000000076ab00000)
  object space 151552K, 90% used [0x00000006c0000000,0x00000006c8686298,0x00000006c9400000)
 Metaspace       used 6378K, capacity 7216K, committed 7296K, reserved 1056768K
  class space    used 585K, capacity 616K, committed 640K, reserved 1048576K
Event: 21.360 GC heap after
Heap after GC invocations=17 (full 3):
 PSYoungGen      total 326144K, used 9612K [0x000000076ab00000, 0x0000000782680000, 0x00000007c0000000)
  eden space 273920K, 0% used [0x000000076ab00000,0x000000076ab00000,0x000000077b680000)
  from space 52224K, 18% used [0x000000077e980000,0x000000077f2e32b0,0x0000000781c80000)
  to   space 52224K, 0% used [0x000000077b680000,0x000000077b680000,0x000000077e980000)
 ParOldGen       total 247296K, used 151133K [0x00000006c0000000, 0x00000006cf180000, 0x000000076ab00000)
  object space 247296K, 61% used [0x00000006c0000000,0x00000006c93974b0,0x00000006cf180000)
 Metaspace       used 6378K, capacity 7216K, committed 7296K, reserved 1056768K
  class space    used 585K, capacity 616K, committed 640K, reserved 1048576K
}
Event: 22.996 GC heap before
{Heap before GC invocations=18 (full 3):
 PSYoungGen      total 326144K, used 283532K [0x000000076ab00000, 0x0000000782680000, 0x00000007c0000000)
  eden space 273920K, 100% used [0x000000076ab00000,0x000000077b680000,0x000000077b680000)
  from space 52224K, 18% used [0x000000077e980000,0x000000077f2e32b0,0x0000000781c80000)
  to   space 52224K, 0% used [0x000000077b680000,0x000000077b680000,0x000000077e980000)
 ParOldGen       total 247296K, used 151133K [0x00000006c0000000, 0x00000006cf180000, 0x000000076ab00000)
  object space 247296K, 61% used [0x00000006c0000000,0x00000006c93974b0,0x00000006cf180000)
 Metaspace       used 6387K, capacity 7216K, committed 7296K, reserved 1056768K
  class space    used 585K, capacity 616K, committed 640K, reserved 1048576K
Event: 23.695 GC heap after
Heap after GC invocations=18 (full 3):
 PSYoungGen      total 326144K, used 42025K [0x000000076ab00000, 0x0000000785600000, 0x00000007c0000000)
  eden space 273920K, 0% used [0x000000076ab00000,0x000000076ab00000,0x000000077b680000)
  from space 52224K, 80% used [0x000000077b680000,0x000000077df8a420,0x000000077e980000)
  to   space 57344K, 0% used [0x0000000781e00000,0x0000000781e00000,0x0000000785600000)
 ParOldGen       total 247296K, used 151141K [0x00000006c0000000, 0x00000006cf180000, 0x000000076ab00000)
  object space 247296K, 61% used [0x00000006c0000000,0x00000006c93994b0,0x00000006cf180000)
 Metaspace       used 6387K, capacity 7216K, committed 7296K, reserved 1056768K
  class space    used 585K, capacity 616K, committed 640K, reserved 1048576K
}
Event: 25.903 GC heap before
{Heap before GC invocations=19 (full 3):
 PSYoungGen      total 326144K, used 315945K [0x000000076ab00000, 0x0000000785600000, 0x00000007c0000000)
  eden space 273920K, 100% used [0x000000076ab00000,0x000000077b680000,0x000000077b680000)
  from space 52224K, 80% used [0x000000077b680000,0x000000077df8a420,0x000000077e980000)
  to   space 57344K, 0% used [0x0000000781e00000,0x0000000781e00000,0x0000000785600000)
 ParOldGen       total 247296K, used 151141K [0x00000006c0000000, 0x00000006cf180000, 0x000000076ab00000)
  object space 247296K, 61% used [0x00000006c0000000,0x00000006c93994b0,0x00000006cf180000)
 Metaspace       used 6390K, capacity 7280K, committed 7552K, reserved 1056768K
  class space    used 585K, capacity 616K, committed 640K, reserved 1048576K
Event: 26.594 GC heap after
Heap after GC invocations=19 (full 3):
 PSYoungGen      total 360960K, used 57316K [0x000000076ab00000, 0x0000000788180000, 0x00000007c0000000)
  eden space 303616K, 0% used [0x000000076ab00000,0x000000076ab00000,0x000000077d380000)
  from space 57344K, 99% used [0x0000000781e00000,0x00000007855f91d0,0x0000000785600000)
  to   space 76288K, 0% used [0x000000077d380000,0x000000077d380000,0x0000000781e00000)
 ParOldGen       total 247296K, used 176474K [0x00000006c0000000, 0x00000006cf180000, 0x000000076ab00000)
  object space 247296K, 71% used [0x00000006c0000000,0x00000006cac56978,0x00000006cf180000)
 Metaspace       used 6390K, capacity 7280K, committed 7552K, reserved 1056768K
  class space    used 585K, capacity 616K, committed 640K, reserved 1048576K
}
Event: 29.369 GC heap before
{Heap before GC invocations=20 (full 3):
 PSYoungGen      total 360960K, used 360932K [0x000000076ab00000, 0x0000000788180000, 0x00000007c0000000)
  eden space 303616K, 100% used [0x000000076ab00000,0x000000077d380000,0x000000077d380000)
  from space 57344K, 99% used [0x0000000781e00000,0x00000007855f91d0,0x0000000785600000)
  to   space 76288K, 0% used [0x000000077d380000,0x000000077d380000,0x0000000781e00000)
 ParOldGen       total 247296K, used 176474K [0x00000006c0000000, 0x00000006cf180000, 0x000000076ab00000)
  object space 247296K, 71% used [0x00000006c0000000,0x00000006cac56978,0x00000006cf180000)
 Metaspace       used 6406K, capacity 7280K, committed 7552K, reserved 1056768K
  class space    used 585K, capacity 616K, committed 640K, reserved 1048576K
Event: 29.745 GC heap after
Heap after GC invocations=20 (full 3):
 PSYoungGen      total 379904K, used 74125K [0x000000076ab00000, 0x0000000788180000, 0x00000007c0000000)
  eden space 303616K, 0% used [0x000000076ab00000,0x000000076ab00000,0x000000077d380000)
  from space 76288K, 97% used [0x000000077d380000,0x0000000781be3500,0x0000000781e00000)
  to   space 57344K, 0% used [0x0000000781e00000,0x0000000781e00000,0x0000000785600000)
 ParOldGen       total 247296K, used 206736K [0x00000006c0000000, 0x00000006cf180000, 0x000000076ab00000)
  object space 247296K, 83% used [0x00000006c0000000,0x00000006cc9e43f0,0x00000006cf180000)
 Metaspace       used 6406K, capacity 7280K, committed 7552K, reserved 1056768K
  class space    used 585K, capacity 616K, committed 640K, reserved 1048576K
}
Event: 29.745 GC heap before
{Heap before GC invocations=21 (full 4):
 PSYoungGen      total 379904K, used 74125K [0x000000076ab00000, 0x0000000788180000, 0x00000007c0000000)
  eden space 303616K, 0% used [0x000000076ab00000,0x000000076ab00000,0x000000077d380000)
  from space 76288K, 97% used [0x000000077d380000,0x0000000781be3500,0x0000000781e00000)
  to   space 57344K, 0% used [0x0000000781e00000,0x0000000781e00000,0x0000000785600000)
 ParOldGen       total 247296K, used 206736K [0x00000006c0000000, 0x00000006cf180000, 0x000000076ab00000)
  object space 247296K, 83% used [0x00000006c0000000,0x00000006cc9e43f0,0x00000006cf180000)
 Metaspace       used 6406K, capacity 7280K, committed 7552K, reserved 1056768K
  class space    used 585K, capacity 616K, committed 640K, reserved 1048576K
Event: 32.857 GC heap after
Heap after GC invocations=21 (full 4):
 PSYoungGen      total 379904K, used 32365K [0x000000076ab00000, 0x0000000788180000, 0x00000007c0000000)
  eden space 303616K, 0% used [0x000000076ab00000,0x000000076ab00000,0x000000077d380000)
  from space 76288K, 42% used [0x000000077d380000,0x000000077f31b788,0x0000000781e00000)
  to   space 57344K, 0% used [0x0000000781e00000,0x0000000781e00000,0x0000000785600000)
 ParOldGen       total 247296K, used 247230K [0x00000006c0000000, 0x00000006cf180000, 0x000000076ab00000)
  object space 247296K, 99% used [0x00000006c0000000,0x00000006cf16f860,0x00000006cf180000)
 Metaspace       used 6406K, capacity 7280K, committed 7552K, reserved 1056768K
  class space    used 585K, capacity 616K, committed 640K, reserved 1048576K
}

